2018-07-16 10:51:32.051 DEBUG 82730 --- [main] o.s.w.c.s.StandardServletEnvironment     : Adding PropertySource 'servletConfigInitParams' with lowest search precedence
2018-07-16 10:51:32.053 DEBUG 82730 --- [main] o.s.w.c.s.StandardServletEnvironment     : Adding PropertySource 'servletContextInitParams' with lowest search precedence
2018-07-16 10:51:32.077 DEBUG 82730 --- [main] o.s.w.c.s.StandardServletEnvironment     : Adding PropertySource 'systemProperties' with lowest search precedence
2018-07-16 10:51:32.077 DEBUG 82730 --- [main] o.s.w.c.s.StandardServletEnvironment     : Adding PropertySource 'systemEnvironment' with lowest search precedence
2018-07-16 10:51:32.078 DEBUG 82730 --- [main] o.s.w.c.s.StandardServletEnvironment     : Initialized StandardServletEnvironment with PropertySources [StubPropertySource {name='servletConfigInitParams'}, StubPropertySource {name='servletContextInitParams'}, MapPropertySource {name='systemProperties'}, SystemEnvironmentPropertySource {name='systemEnvironment'}]
2018-07-16 10:51:32.115  INFO 82730 --- [main] c.j.a.a.ApplicationTest                  : Starting ApplicationTest on jojolduui-MacBook-Pro.local with PID 82730 (started by jojoldu in /Users/jojoldu/Documents/git/aws-beanstalk-tunning)
2018-07-16 10:51:32.115  INFO 82730 --- [main] c.j.a.a.ApplicationTest                  : The following profiles are active: local
2018-07-16 10:51:32.180  INFO 82730 --- [main] o.s.w.c.s.GenericWebApplicationContext   : Refreshing org.springframework.web.context.support.GenericWebApplicationContext@327af41b: startup date [Mon Jul 16 10:51:32 KST 2018]; root of context hierarchy
2018-07-16 10:51:32.181 DEBUG 82730 --- [main] o.s.w.c.s.GenericWebApplicationContext   : Bean factory for org.springframework.web.context.support.GenericWebApplicationContext@327af41b: org.springframework.beans.factory.support.DefaultListableBeanFactory@6bffbc6d: defining beans [org.springframework.boot.test.mock.mockito.MockitoPostProcessor$SpyPostProcessor,org.springframework.boot.test.mock.mockito.MockitoPostProcessor,org.springframework.context.annotation.internalConfigurationAnnotationProcessor,org.springframework.context.annotation.internalAutowiredAnnotationProcessor,org.springframework.context.annotation.internalRequiredAnnotationProcessor,org.springframework.context.annotation.internalCommonAnnotationProcessor,org.springframework.context.annotation.internalPersistenceAnnotationProcessor,org.springframework.context.event.internalEventListenerProcessor,org.springframework.context.event.internalEventListenerFactory,application]; root of factory hierarchy
2018-07-16 10:51:33.974  INFO 82730 --- [main] trationDelegate$BeanPostProcessorChecker : Bean 'org.springframework.transaction.annotation.ProxyTransactionManagementConfiguration' of type [org.springframework.transaction.annotation.ProxyTransactionManagementConfiguration$$EnhancerBySpringCGLIB$$7b183531] is not eligible for getting processed by all BeanPostProcessors (for example: not eligible for auto-proxying)
2018-07-16 10:51:34.048 DEBUG 82730 --- [main] o.s.w.c.s.GenericWebApplicationContext   : Unable to locate MessageSource with name 'messageSource': using default [org.springframework.context.support.DelegatingMessageSource@327ed9f5]
2018-07-16 10:51:34.048 DEBUG 82730 --- [main] o.s.w.c.s.GenericWebApplicationContext   : Unable to locate ApplicationEventMulticaster with name 'applicationEventMulticaster': using default [org.springframework.context.event.SimpleApplicationEventMulticaster@67594471]
2018-07-16 10:51:34.613  INFO 82730 --- [main] com.zaxxer.hikari.HikariDataSource       : HikariPool-1 - Starting...
2018-07-16 10:51:34.908  INFO 82730 --- [main] com.zaxxer.hikari.HikariDataSource       : HikariPool-1 - Start completed.
2018-07-16 10:51:34.957  INFO 82730 --- [main] j.LocalContainerEntityManagerFactoryBean : Building JPA container EntityManagerFactory for persistence unit 'default'
2018-07-16 10:51:34.983  INFO 82730 --- [main] o.hibernate.jpa.internal.util.LogHelper  : HHH000204: Processing PersistenceUnitInfo [
	name: default
	...]
2018-07-16 10:51:35.127  INFO 82730 --- [main] org.hibernate.Version                    : HHH000412: Hibernate Core {5.2.17.Final}
2018-07-16 10:51:35.130  INFO 82730 --- [main] org.hibernate.cfg.Environment            : HHH000206: hibernate.properties not found
2018-07-16 10:51:35.193  INFO 82730 --- [main] o.hibernate.annotations.common.Version   : HCANN000001: Hibernate Commons Annotations {5.0.1.Final}
2018-07-16 10:51:35.377  INFO 82730 --- [main] org.hibernate.dialect.Dialect            : HHH000400: Using dialect: org.hibernate.dialect.MySQL5InnoDBDialect
2018-07-16 10:51:36.138 DEBUG 82730 --- [main] org.hibernate.SQL                        : create table point (id bigint not null auto_increment, amount bigint, user_id bigint, primary key (id)) engine=InnoDB
2018-07-16 10:51:36.151 DEBUG 82730 --- [main] org.hibernate.SQL                        : create index IDX_POINT_USER_ID on point (user_id)
2018-07-16 10:51:36.158  INFO 82730 --- [main] j.LocalContainerEntityManagerFactoryBean : Initialized JPA EntityManagerFactory for persistence unit 'default'
2018-07-16 10:51:36.574  INFO 82730 --- [main] o.h.h.i.QueryTranslatorFactoryInitiator  : HHH000397: Using ASTQueryTranslatorFactory
2018-07-16 10:51:37.108  INFO 82730 --- [main] o.s.w.s.handler.SimpleUrlHandlerMapping  : Mapped URL path [/**/favicon.ico] onto handler of type [class org.springframework.web.servlet.resource.ResourceHttpRequestHandler]
2018-07-16 10:51:37.549  INFO 82730 --- [main] s.w.s.m.m.a.RequestMappingHandlerAdapter : Looking for @ControllerAdvice: org.springframework.web.context.support.GenericWebApplicationContext@327af41b: startup date [Mon Jul 16 10:51:32 KST 2018]; root of context hierarchy
2018-07-16 10:51:37.660 DEBUG 82730 --- [main] s.w.s.m.m.a.RequestMappingHandlerMapping : Looking for request mappings in application context: org.springframework.web.context.support.GenericWebApplicationContext@327af41b: startup date [Mon Jul 16 10:51:32 KST 2018]; root of context hierarchy
2018-07-16 10:51:37.681 DEBUG 82730 --- [main] s.w.s.m.m.a.RequestMappingHandlerMapping : 1 request handler methods found on class com.jojoldu.aws.awsbeanstalktunning.Application: {public java.lang.String com.jojoldu.aws.awsbeanstalktunning.Application.hello()={[/],methods=[GET]}}
2018-07-16 10:51:37.682  INFO 82730 --- [main] s.w.s.m.m.a.RequestMappingHandlerMapping : Mapped "{[/],methods=[GET]}" onto public java.lang.String com.jojoldu.aws.awsbeanstalktunning.Application.hello()
2018-07-16 10:51:37.687 DEBUG 82730 --- [main] s.w.s.m.m.a.RequestMappingHandlerMapping : 2 request handler methods found on class com.jojoldu.aws.awsbeanstalktunning.point.PointController: {public java.lang.Long com.jojoldu.aws.awsbeanstalktunning.point.PointController.getAvailablePoint(java.lang.Long)={[/availablePoint/{userId}],methods=[GET]}, public boolean com.jojoldu.aws.awsbeanstalktunning.point.PointController.savePoint(com.jojoldu.aws.awsbeanstalktunning.point.PointDto)={[/point],methods=[POST]}}
2018-07-16 10:51:37.688  INFO 82730 --- [main] s.w.s.m.m.a.RequestMappingHandlerMapping : Mapped "{[/availablePoint/{userId}],methods=[GET]}" onto public java.lang.Long com.jojoldu.aws.awsbeanstalktunning.point.PointController.getAvailablePoint(java.lang.Long)
2018-07-16 10:51:37.688  INFO 82730 --- [main] s.w.s.m.m.a.RequestMappingHandlerMapping : Mapped "{[/point],methods=[POST]}" onto public boolean com.jojoldu.aws.awsbeanstalktunning.point.PointController.savePoint(com.jojoldu.aws.awsbeanstalktunning.point.PointDto)
2018-07-16 10:51:37.696 DEBUG 82730 --- [main] s.w.s.m.m.a.RequestMappingHandlerMapping : 2 request handler methods found on class org.springframework.boot.autoconfigure.web.servlet.error.BasicErrorController: {public org.springframework.http.ResponseEntity org.springframework.boot.autoconfigure.web.servlet.error.BasicErrorController.error(javax.servlet.http.HttpServletRequest)={[/error]}, public org.springframework.web.servlet.ModelAndView org.springframework.boot.autoconfigure.web.servlet.error.BasicErrorController.errorHtml(javax.servlet.http.HttpServletRequest,javax.servlet.http.HttpServletResponse)={[/error],produces=[text/html]}}
2018-07-16 10:51:37.696  INFO 82730 --- [main] s.w.s.m.m.a.RequestMappingHandlerMapping : Mapped "{[/error]}" onto public org.springframework.http.ResponseEntity<java.util.Map<java.lang.String, java.lang.Object>> org.springframework.boot.autoconfigure.web.servlet.error.BasicErrorController.error(javax.servlet.http.HttpServletRequest)
2018-07-16 10:51:37.697  INFO 82730 --- [main] s.w.s.m.m.a.RequestMappingHandlerMapping : Mapped "{[/error],produces=[text/html]}" onto public org.springframework.web.servlet.ModelAndView org.springframework.boot.autoconfigure.web.servlet.error.BasicErrorController.errorHtml(javax.servlet.http.HttpServletRequest,javax.servlet.http.HttpServletResponse)
2018-07-16 10:51:37.747  INFO 82730 --- [main] o.s.w.s.handler.SimpleUrlHandlerMapping  : Mapped URL path [/webjars/**] onto handler of type [class org.springframework.web.servlet.resource.ResourceHttpRequestHandler]
2018-07-16 10:51:37.748  INFO 82730 --- [main] o.s.w.s.handler.SimpleUrlHandlerMapping  : Mapped URL path [/**] onto handler of type [class org.springframework.web.servlet.resource.ResourceHttpRequestHandler]
2018-07-16 10:51:37.766 DEBUG 82730 --- [main] .m.m.a.ExceptionHandlerExceptionResolver : Looking for exception mappings: org.springframework.web.context.support.GenericWebApplicationContext@327af41b: startup date [Mon Jul 16 10:51:32 KST 2018]; root of context hierarchy
2018-07-16 10:51:39.678  INFO 82730 --- [main] o.s.b.a.e.web.EndpointLinksResolver      : Exposing 2 endpoint(s) beneath base path '/actuator'
2018-07-16 10:51:39.702  INFO 82730 --- [main] s.b.a.e.w.s.WebMvcEndpointHandlerMapping : Mapped "{[/actuator/health],methods=[GET],produces=[application/vnd.spring-boot.actuator.v2+json || application/json]}" onto public java.lang.Object org.springframework.boot.actuate.endpoint.web.servlet.AbstractWebMvcEndpointHandlerMapping$OperationHandler.handle(javax.servlet.http.HttpServletRequest,java.util.Map<java.lang.String, java.lang.String>)
2018-07-16 10:51:39.703  INFO 82730 --- [main] s.b.a.e.w.s.WebMvcEndpointHandlerMapping : Mapped "{[/actuator/info],methods=[GET],produces=[application/vnd.spring-boot.actuator.v2+json || application/json]}" onto public java.lang.Object org.springframework.boot.actuate.endpoint.web.servlet.AbstractWebMvcEndpointHandlerMapping$OperationHandler.handle(javax.servlet.http.HttpServletRequest,java.util.Map<java.lang.String, java.lang.String>)
2018-07-16 10:51:39.705  INFO 82730 --- [main] s.b.a.e.w.s.WebMvcEndpointHandlerMapping : Mapped "{[/actuator],methods=[GET],produces=[application/vnd.spring-boot.actuator.v2+json || application/json]}" onto protected java.util.Map<java.lang.String, java.util.Map<java.lang.String, org.springframework.boot.actuate.endpoint.web.Link>> org.springframework.boot.actuate.endpoint.web.servlet.WebMvcEndpointHandlerMapping.links(javax.servlet.http.HttpServletRequest,javax.servlet.http.HttpServletResponse)
2018-07-16 10:51:40.177 DEBUG 82730 --- [main] o.s.w.c.s.GenericWebApplicationContext   : Unable to locate LifecycleProcessor with name 'lifecycleProcessor': using default [org.springframework.context.support.DefaultLifecycleProcessor@194224ca]
2018-07-16 10:51:40.193 DEBUG 82730 --- [main] o.s.w.s.resource.ResourceUrlProvider     : Looking for resource handler mappings
2018-07-16 10:51:40.196 DEBUG 82730 --- [main] o.s.w.s.resource.ResourceUrlProvider     : Found resource handler mapping: URL pattern="/**/favicon.ico", locations=[class path resource [META-INF/resources/], class path resource [resources/], class path resource [static/], class path resource [public/], ServletContext resource [/], class path resource []], resolvers=[org.springframework.web.servlet.resource.PathResourceResolver@5c4714ef]
2018-07-16 10:51:40.196 DEBUG 82730 --- [main] o.s.w.s.resource.ResourceUrlProvider     : Found resource handler mapping: URL pattern="/webjars/**", locations=[class path resource [META-INF/resources/webjars/]], resolvers=[org.springframework.web.servlet.resource.PathResourceResolver@c94bd18]
2018-07-16 10:51:40.197 DEBUG 82730 --- [main] o.s.w.s.resource.ResourceUrlProvider     : Found resource handler mapping: URL pattern="/**", locations=[class path resource [META-INF/resources/], class path resource [resources/], class path resource [static/], class path resource [public/], ServletContext resource [/]], resolvers=[org.springframework.web.servlet.resource.PathResourceResolver@71fb8301]
2018-07-16 10:51:40.205  INFO 82730 --- [main] c.j.a.a.ApplicationTest                  : Started ApplicationTest in 9.101 seconds (JVM running for 10.934)
2018-07-16 10:51:40.546  INFO 82730 --- [Thread-5] o.s.w.c.s.GenericWebApplicationContext   : Closing org.springframework.web.context.support.GenericWebApplicationContext@327af41b: startup date [Mon Jul 16 10:51:32 KST 2018]; root of context hierarchy
2018-07-16 10:51:40.552  INFO 82730 --- [Thread-5] j.LocalContainerEntityManagerFactoryBean : Closing JPA EntityManagerFactory for persistence unit 'default'
2018-07-16 10:51:40.553  INFO 82730 --- [Thread-5] com.zaxxer.hikari.HikariDataSource       : HikariPool-1 - Shutdown initiated...
2018-07-16 10:51:40.558  INFO 82730 --- [Thread-5] com.zaxxer.hikari.HikariDataSource       : HikariPool-1 - Shutdown completed.
2018-07-16 10:55:42.497 DEBUG 83002 --- [main] o.s.w.c.s.StandardServletEnvironment     : Adding PropertySource 'servletConfigInitParams' with lowest search precedence
2018-07-16 10:55:42.499 DEBUG 83002 --- [main] o.s.w.c.s.StandardServletEnvironment     : Adding PropertySource 'servletContextInitParams' with lowest search precedence
2018-07-16 10:55:42.505 DEBUG 83002 --- [main] o.s.w.c.s.StandardServletEnvironment     : Adding PropertySource 'systemProperties' with lowest search precedence
2018-07-16 10:55:42.505 DEBUG 83002 --- [main] o.s.w.c.s.StandardServletEnvironment     : Adding PropertySource 'systemEnvironment' with lowest search precedence
2018-07-16 10:55:42.505 DEBUG 83002 --- [main] o.s.w.c.s.StandardServletEnvironment     : Initialized StandardServletEnvironment with PropertySources [StubPropertySource {name='servletConfigInitParams'}, StubPropertySource {name='servletContextInitParams'}, MapPropertySource {name='systemProperties'}, SystemEnvironmentPropertySource {name='systemEnvironment'}]
2018-07-16 10:55:42.540  INFO 83002 --- [main] c.j.a.a.point.PointControllerTest        : Starting PointControllerTest on jojolduui-MacBook-Pro.local with PID 83002 (started by jojoldu in /Users/jojoldu/Documents/git/aws-beanstalk-tunning)
2018-07-16 10:55:42.541  INFO 83002 --- [main] c.j.a.a.point.PointControllerTest        : The following profiles are active: local
2018-07-16 10:55:42.585  INFO 83002 --- [main] o.s.w.c.s.GenericWebApplicationContext   : Refreshing org.springframework.web.context.support.GenericWebApplicationContext@398474a2: startup date [Mon Jul 16 10:55:42 KST 2018]; root of context hierarchy
2018-07-16 10:55:42.586 DEBUG 83002 --- [main] o.s.w.c.s.GenericWebApplicationContext   : Bean factory for org.springframework.web.context.support.GenericWebApplicationContext@398474a2: org.springframework.beans.factory.support.DefaultListableBeanFactory@47547132: defining beans [org.springframework.boot.test.mock.mockito.MockitoPostProcessor$SpyPostProcessor,org.springframework.boot.test.mock.mockito.MockitoPostProcessor,org.springframework.context.annotation.internalConfigurationAnnotationProcessor,org.springframework.context.annotation.internalAutowiredAnnotationProcessor,org.springframework.context.annotation.internalRequiredAnnotationProcessor,org.springframework.context.annotation.internalCommonAnnotationProcessor,org.springframework.context.annotation.internalPersistenceAnnotationProcessor,org.springframework.context.event.internalEventListenerProcessor,org.springframework.context.event.internalEventListenerFactory,application]; root of factory hierarchy
2018-07-16 10:55:44.373  INFO 83002 --- [main] trationDelegate$BeanPostProcessorChecker : Bean 'org.springframework.transaction.annotation.ProxyTransactionManagementConfiguration' of type [org.springframework.transaction.annotation.ProxyTransactionManagementConfiguration$$EnhancerBySpringCGLIB$$b6ed4e1f] is not eligible for getting processed by all BeanPostProcessors (for example: not eligible for auto-proxying)
2018-07-16 10:55:44.440 DEBUG 83002 --- [main] o.s.w.c.s.GenericWebApplicationContext   : Unable to locate MessageSource with name 'messageSource': using default [org.springframework.context.support.DelegatingMessageSource@2f995afc]
2018-07-16 10:55:44.440 DEBUG 83002 --- [main] o.s.w.c.s.GenericWebApplicationContext   : Unable to locate ApplicationEventMulticaster with name 'applicationEventMulticaster': using default [org.springframework.context.event.SimpleApplicationEventMulticaster@377949f1]
2018-07-16 10:55:44.933  INFO 83002 --- [main] com.zaxxer.hikari.HikariDataSource       : HikariPool-1 - Starting...
2018-07-16 10:55:45.183  INFO 83002 --- [main] com.zaxxer.hikari.HikariDataSource       : HikariPool-1 - Start completed.
2018-07-16 10:55:45.249  INFO 83002 --- [main] j.LocalContainerEntityManagerFactoryBean : Building JPA container EntityManagerFactory for persistence unit 'default'
2018-07-16 10:55:45.292  INFO 83002 --- [main] o.hibernate.jpa.internal.util.LogHelper  : HHH000204: Processing PersistenceUnitInfo [
	name: default
	...]
2018-07-16 10:55:45.424  INFO 83002 --- [main] org.hibernate.Version                    : HHH000412: Hibernate Core {5.2.17.Final}
2018-07-16 10:55:45.426  INFO 83002 --- [main] org.hibernate.cfg.Environment            : HHH000206: hibernate.properties not found
2018-07-16 10:55:45.487  INFO 83002 --- [main] o.hibernate.annotations.common.Version   : HCANN000001: Hibernate Commons Annotations {5.0.1.Final}
2018-07-16 10:55:45.688  INFO 83002 --- [main] org.hibernate.dialect.Dialect            : HHH000400: Using dialect: org.hibernate.dialect.MySQL5InnoDBDialect
2018-07-16 10:55:46.568 DEBUG 83002 --- [main] org.hibernate.SQL                        : create table point (id bigint not null auto_increment, amount bigint, user_id bigint, primary key (id)) engine=InnoDB
2018-07-16 10:55:46.584 DEBUG 83002 --- [main] org.hibernate.SQL                        : create index IDX_POINT_USER_ID on point (user_id)
2018-07-16 10:55:46.592  INFO 83002 --- [main] j.LocalContainerEntityManagerFactoryBean : Initialized JPA EntityManagerFactory for persistence unit 'default'
2018-07-16 10:55:47.086  INFO 83002 --- [main] o.h.h.i.QueryTranslatorFactoryInitiator  : HHH000397: Using ASTQueryTranslatorFactory
2018-07-16 10:55:47.765  INFO 83002 --- [main] o.s.w.s.handler.SimpleUrlHandlerMapping  : Mapped URL path [/**/favicon.ico] onto handler of type [class org.springframework.web.servlet.resource.ResourceHttpRequestHandler]
2018-07-16 10:55:48.149  INFO 83002 --- [main] s.w.s.m.m.a.RequestMappingHandlerAdapter : Looking for @ControllerAdvice: org.springframework.web.context.support.GenericWebApplicationContext@398474a2: startup date [Mon Jul 16 10:55:42 KST 2018]; root of context hierarchy
2018-07-16 10:55:48.248 DEBUG 83002 --- [main] s.w.s.m.m.a.RequestMappingHandlerMapping : Looking for request mappings in application context: org.springframework.web.context.support.GenericWebApplicationContext@398474a2: startup date [Mon Jul 16 10:55:42 KST 2018]; root of context hierarchy
2018-07-16 10:55:48.261 DEBUG 83002 --- [main] s.w.s.m.m.a.RequestMappingHandlerMapping : 1 request handler methods found on class com.jojoldu.aws.awsbeanstalktunning.Application: {public java.lang.String com.jojoldu.aws.awsbeanstalktunning.Application.hello()={[/],methods=[GET]}}
2018-07-16 10:55:48.262  INFO 83002 --- [main] s.w.s.m.m.a.RequestMappingHandlerMapping : Mapped "{[/],methods=[GET]}" onto public java.lang.String com.jojoldu.aws.awsbeanstalktunning.Application.hello()
2018-07-16 10:55:48.266 DEBUG 83002 --- [main] s.w.s.m.m.a.RequestMappingHandlerMapping : 2 request handler methods found on class com.jojoldu.aws.awsbeanstalktunning.point.PointController: {public java.lang.Long com.jojoldu.aws.awsbeanstalktunning.point.PointController.getAvailablePoint(java.lang.Long)={[/availablePoint/{userId}],methods=[GET]}, public boolean com.jojoldu.aws.awsbeanstalktunning.point.PointController.savePoint(com.jojoldu.aws.awsbeanstalktunning.point.PointDto)={[/point],methods=[POST]}}
2018-07-16 10:55:48.266  INFO 83002 --- [main] s.w.s.m.m.a.RequestMappingHandlerMapping : Mapped "{[/availablePoint/{userId}],methods=[GET]}" onto public java.lang.Long com.jojoldu.aws.awsbeanstalktunning.point.PointController.getAvailablePoint(java.lang.Long)
2018-07-16 10:55:48.266  INFO 83002 --- [main] s.w.s.m.m.a.RequestMappingHandlerMapping : Mapped "{[/point],methods=[POST]}" onto public boolean com.jojoldu.aws.awsbeanstalktunning.point.PointController.savePoint(com.jojoldu.aws.awsbeanstalktunning.point.PointDto)
2018-07-16 10:55:48.270 DEBUG 83002 --- [main] s.w.s.m.m.a.RequestMappingHandlerMapping : 2 request handler methods found on class org.springframework.boot.autoconfigure.web.servlet.error.BasicErrorController: {public org.springframework.http.ResponseEntity org.springframework.boot.autoconfigure.web.servlet.error.BasicErrorController.error(javax.servlet.http.HttpServletRequest)={[/error]}, public org.springframework.web.servlet.ModelAndView org.springframework.boot.autoconfigure.web.servlet.error.BasicErrorController.errorHtml(javax.servlet.http.HttpServletRequest,javax.servlet.http.HttpServletResponse)={[/error],produces=[text/html]}}
2018-07-16 10:55:48.270  INFO 83002 --- [main] s.w.s.m.m.a.RequestMappingHandlerMapping : Mapped "{[/error]}" onto public org.springframework.http.ResponseEntity<java.util.Map<java.lang.String, java.lang.Object>> org.springframework.boot.autoconfigure.web.servlet.error.BasicErrorController.error(javax.servlet.http.HttpServletRequest)
2018-07-16 10:55:48.271  INFO 83002 --- [main] s.w.s.m.m.a.RequestMappingHandlerMapping : Mapped "{[/error],produces=[text/html]}" onto public org.springframework.web.servlet.ModelAndView org.springframework.boot.autoconfigure.web.servlet.error.BasicErrorController.errorHtml(javax.servlet.http.HttpServletRequest,javax.servlet.http.HttpServletResponse)
2018-07-16 10:55:48.315  INFO 83002 --- [main] o.s.w.s.handler.SimpleUrlHandlerMapping  : Mapped URL path [/webjars/**] onto handler of type [class org.springframework.web.servlet.resource.ResourceHttpRequestHandler]
2018-07-16 10:55:48.316  INFO 83002 --- [main] o.s.w.s.handler.SimpleUrlHandlerMapping  : Mapped URL path [/**] onto handler of type [class org.springframework.web.servlet.resource.ResourceHttpRequestHandler]
2018-07-16 10:55:48.331 DEBUG 83002 --- [main] .m.m.a.ExceptionHandlerExceptionResolver : Looking for exception mappings: org.springframework.web.context.support.GenericWebApplicationContext@398474a2: startup date [Mon Jul 16 10:55:42 KST 2018]; root of context hierarchy
2018-07-16 10:55:49.544  INFO 83002 --- [main] o.s.b.a.e.web.EndpointLinksResolver      : Exposing 2 endpoint(s) beneath base path '/actuator'
2018-07-16 10:55:49.562  INFO 83002 --- [main] s.b.a.e.w.s.WebMvcEndpointHandlerMapping : Mapped "{[/actuator/health],methods=[GET],produces=[application/vnd.spring-boot.actuator.v2+json || application/json]}" onto public java.lang.Object org.springframework.boot.actuate.endpoint.web.servlet.AbstractWebMvcEndpointHandlerMapping$OperationHandler.handle(javax.servlet.http.HttpServletRequest,java.util.Map<java.lang.String, java.lang.String>)
2018-07-16 10:55:49.563  INFO 83002 --- [main] s.b.a.e.w.s.WebMvcEndpointHandlerMapping : Mapped "{[/actuator/info],methods=[GET],produces=[application/vnd.spring-boot.actuator.v2+json || application/json]}" onto public java.lang.Object org.springframework.boot.actuate.endpoint.web.servlet.AbstractWebMvcEndpointHandlerMapping$OperationHandler.handle(javax.servlet.http.HttpServletRequest,java.util.Map<java.lang.String, java.lang.String>)
2018-07-16 10:55:49.565  INFO 83002 --- [main] s.b.a.e.w.s.WebMvcEndpointHandlerMapping : Mapped "{[/actuator],methods=[GET],produces=[application/vnd.spring-boot.actuator.v2+json || application/json]}" onto protected java.util.Map<java.lang.String, java.util.Map<java.lang.String, org.springframework.boot.actuate.endpoint.web.Link>> org.springframework.boot.actuate.endpoint.web.servlet.WebMvcEndpointHandlerMapping.links(javax.servlet.http.HttpServletRequest,javax.servlet.http.HttpServletResponse)
2018-07-16 10:55:49.626 DEBUG 83002 --- [main] o.s.w.c.s.GenericWebApplicationContext   : Unable to locate LifecycleProcessor with name 'lifecycleProcessor': using default [org.springframework.context.support.DefaultLifecycleProcessor@62ec4146]
2018-07-16 10:55:49.638 DEBUG 83002 --- [main] o.s.w.s.resource.ResourceUrlProvider     : Looking for resource handler mappings
2018-07-16 10:55:49.639 DEBUG 83002 --- [main] o.s.w.s.resource.ResourceUrlProvider     : Found resource handler mapping: URL pattern="/**/favicon.ico", locations=[class path resource [META-INF/resources/], class path resource [resources/], class path resource [static/], class path resource [public/], ServletContext resource [/], class path resource []], resolvers=[org.springframework.web.servlet.resource.PathResourceResolver@65880400]
2018-07-16 10:55:49.639 DEBUG 83002 --- [main] o.s.w.s.resource.ResourceUrlProvider     : Found resource handler mapping: URL pattern="/webjars/**", locations=[class path resource [META-INF/resources/webjars/]], resolvers=[org.springframework.web.servlet.resource.PathResourceResolver@415419a4]
2018-07-16 10:55:49.639 DEBUG 83002 --- [main] o.s.w.s.resource.ResourceUrlProvider     : Found resource handler mapping: URL pattern="/**", locations=[class path resource [META-INF/resources/], class path resource [resources/], class path resource [static/], class path resource [public/], ServletContext resource [/]], resolvers=[org.springframework.web.servlet.resource.PathResourceResolver@65b69ccb]
2018-07-16 10:55:49.645  INFO 83002 --- [main] c.j.a.a.point.PointControllerTest        : Started PointControllerTest in 7.728 seconds (JVM running for 10.281)
2018-07-16 10:55:49.813  INFO 83002 --- [Thread-5] o.s.w.c.s.GenericWebApplicationContext   : Closing org.springframework.web.context.support.GenericWebApplicationContext@398474a2: startup date [Mon Jul 16 10:55:42 KST 2018]; root of context hierarchy
2018-07-16 10:55:49.819  INFO 83002 --- [Thread-5] j.LocalContainerEntityManagerFactoryBean : Closing JPA EntityManagerFactory for persistence unit 'default'
2018-07-16 10:55:49.820  INFO 83002 --- [Thread-5] com.zaxxer.hikari.HikariDataSource       : HikariPool-1 - Shutdown initiated...
2018-07-16 10:55:49.825  INFO 83002 --- [Thread-5] com.zaxxer.hikari.HikariDataSource       : HikariPool-1 - Shutdown completed.
2018-07-16 10:58:30.970 DEBUG 83184 --- [main] o.s.w.c.s.StandardServletEnvironment     : Adding PropertySource 'servletConfigInitParams' with lowest search precedence
2018-07-16 10:58:30.972 DEBUG 83184 --- [main] o.s.w.c.s.StandardServletEnvironment     : Adding PropertySource 'servletContextInitParams' with lowest search precedence
2018-07-16 10:58:30.981 DEBUG 83184 --- [main] o.s.w.c.s.StandardServletEnvironment     : Adding PropertySource 'systemProperties' with lowest search precedence
2018-07-16 10:58:30.981 DEBUG 83184 --- [main] o.s.w.c.s.StandardServletEnvironment     : Adding PropertySource 'systemEnvironment' with lowest search precedence
2018-07-16 10:58:30.982 DEBUG 83184 --- [main] o.s.w.c.s.StandardServletEnvironment     : Initialized StandardServletEnvironment with PropertySources [StubPropertySource {name='servletConfigInitParams'}, StubPropertySource {name='servletContextInitParams'}, MapPropertySource {name='systemProperties'}, SystemEnvironmentPropertySource {name='systemEnvironment'}]
2018-07-16 10:58:31.071  INFO 83184 --- [main] c.j.a.a.point.PointControllerTest        : Starting PointControllerTest on jojolduui-MacBook-Pro.local with PID 83184 (started by jojoldu in /Users/jojoldu/Documents/git/aws-beanstalk-tunning)
2018-07-16 10:58:31.071  INFO 83184 --- [main] c.j.a.a.point.PointControllerTest        : The following profiles are active: local
2018-07-16 10:58:31.101  INFO 83184 --- [main] ConfigServletWebServerApplicationContext : Refreshing org.springframework.boot.web.servlet.context.AnnotationConfigServletWebServerApplicationContext@1761de10: startup date [Mon Jul 16 10:58:31 KST 2018]; root of context hierarchy
2018-07-16 10:58:33.047  INFO 83184 --- [main] trationDelegate$BeanPostProcessorChecker : Bean 'org.springframework.transaction.annotation.ProxyTransactionManagementConfiguration' of type [org.springframework.transaction.annotation.ProxyTransactionManagementConfiguration$$EnhancerBySpringCGLIB$$54b55b86] is not eligible for getting processed by all BeanPostProcessors (for example: not eligible for auto-proxying)
2018-07-16 10:58:33.580  INFO 83184 --- [main] o.s.b.w.embedded.tomcat.TomcatWebServer  : Tomcat initialized with port(s): 0 (http)
2018-07-16 10:58:33.625  INFO 83184 --- [main] o.apache.catalina.core.StandardService   : Starting service [Tomcat]
2018-07-16 10:58:33.626  INFO 83184 --- [main] org.apache.catalina.core.StandardEngine  : Starting Servlet Engine: Apache Tomcat/8.5.31
2018-07-16 10:58:33.642  INFO 83184 --- [localhost-startStop-1] o.a.catalina.core.AprLifecycleListener   : The APR based Apache Tomcat Native library which allows optimal performance in production environments was not found on the java.library.path: [/Users/jojoldu/Library/Java/Extensions:/Library/Java/Extensions:/Network/Library/Java/Extensions:/System/Library/Java/Extensions:/usr/lib/java:.]
2018-07-16 10:58:33.794  INFO 83184 --- [localhost-startStop-1] o.a.c.c.C.[Tomcat].[localhost].[/]       : Initializing Spring embedded WebApplicationContext
2018-07-16 10:58:33.794 DEBUG 83184 --- [localhost-startStop-1] o.s.web.context.ContextLoader            : Published root WebApplicationContext as ServletContext attribute with name [org.springframework.web.context.WebApplicationContext.ROOT]
2018-07-16 10:58:33.794  INFO 83184 --- [localhost-startStop-1] o.s.web.context.ContextLoader            : Root WebApplicationContext: initialization completed in 2693 ms
2018-07-16 10:58:34.962  INFO 83184 --- [localhost-startStop-1] o.s.b.w.servlet.ServletRegistrationBean  : Servlet dispatcherServlet mapped to [/]
2018-07-16 10:58:34.965  INFO 83184 --- [localhost-startStop-1] o.s.b.w.servlet.ServletRegistrationBean  : Servlet webServlet mapped to [/h2-console/*]
2018-07-16 10:58:34.969  INFO 83184 --- [localhost-startStop-1] o.s.b.w.servlet.FilterRegistrationBean   : Mapping filter: 'characterEncodingFilter' to: [/*]
2018-07-16 10:58:34.970  INFO 83184 --- [localhost-startStop-1] o.s.b.w.servlet.FilterRegistrationBean   : Mapping filter: 'hiddenHttpMethodFilter' to: [/*]
2018-07-16 10:58:34.970  INFO 83184 --- [localhost-startStop-1] o.s.b.w.servlet.FilterRegistrationBean   : Mapping filter: 'httpPutFormContentFilter' to: [/*]
2018-07-16 10:58:34.970  INFO 83184 --- [localhost-startStop-1] o.s.b.w.servlet.FilterRegistrationBean   : Mapping filter: 'requestContextFilter' to: [/*]
2018-07-16 10:58:34.970  INFO 83184 --- [localhost-startStop-1] o.s.b.w.servlet.FilterRegistrationBean   : Mapping filter: 'httpTraceFilter' to: [/*]
2018-07-16 10:58:34.970  INFO 83184 --- [localhost-startStop-1] o.s.b.w.servlet.FilterRegistrationBean   : Mapping filter: 'webMvcMetricsFilter' to: [/*]
2018-07-16 10:58:35.108  INFO 83184 --- [main] com.zaxxer.hikari.HikariDataSource       : HikariPool-1 - Starting...
2018-07-16 10:58:35.318  INFO 83184 --- [main] com.zaxxer.hikari.HikariDataSource       : HikariPool-1 - Start completed.
2018-07-16 10:58:35.373  INFO 83184 --- [main] j.LocalContainerEntityManagerFactoryBean : Building JPA container EntityManagerFactory for persistence unit 'default'
2018-07-16 10:58:35.400  INFO 83184 --- [main] o.hibernate.jpa.internal.util.LogHelper  : HHH000204: Processing PersistenceUnitInfo [
	name: default
	...]
2018-07-16 10:58:35.516  INFO 83184 --- [main] org.hibernate.Version                    : HHH000412: Hibernate Core {5.2.17.Final}
2018-07-16 10:58:35.518  INFO 83184 --- [main] org.hibernate.cfg.Environment            : HHH000206: hibernate.properties not found
2018-07-16 10:58:35.579  INFO 83184 --- [main] o.hibernate.annotations.common.Version   : HCANN000001: Hibernate Commons Annotations {5.0.1.Final}
2018-07-16 10:58:35.773  INFO 83184 --- [main] org.hibernate.dialect.Dialect            : HHH000400: Using dialect: org.hibernate.dialect.MySQL5InnoDBDialect
2018-07-16 10:58:36.709 DEBUG 83184 --- [main] org.hibernate.SQL                        : create table point (id bigint not null auto_increment, amount bigint, user_id bigint, primary key (id)) engine=InnoDB
2018-07-16 10:58:36.723 DEBUG 83184 --- [main] org.hibernate.SQL                        : create index IDX_POINT_USER_ID on point (user_id)
2018-07-16 10:58:36.730  INFO 83184 --- [main] j.LocalContainerEntityManagerFactoryBean : Initialized JPA EntityManagerFactory for persistence unit 'default'
2018-07-16 10:58:37.205  INFO 83184 --- [main] o.h.h.i.QueryTranslatorFactoryInitiator  : HHH000397: Using ASTQueryTranslatorFactory
2018-07-16 10:58:37.763  INFO 83184 --- [main] o.s.w.s.handler.SimpleUrlHandlerMapping  : Mapped URL path [/**/favicon.ico] onto handler of type [class org.springframework.web.servlet.resource.ResourceHttpRequestHandler]
2018-07-16 10:58:38.152  INFO 83184 --- [main] s.w.s.m.m.a.RequestMappingHandlerAdapter : Looking for @ControllerAdvice: org.springframework.boot.web.servlet.context.AnnotationConfigServletWebServerApplicationContext@1761de10: startup date [Mon Jul 16 10:58:31 KST 2018]; root of context hierarchy
2018-07-16 10:58:38.237 DEBUG 83184 --- [main] s.w.s.m.m.a.RequestMappingHandlerMapping : Looking for request mappings in application context: org.springframework.boot.web.servlet.context.AnnotationConfigServletWebServerApplicationContext@1761de10: startup date [Mon Jul 16 10:58:31 KST 2018]; root of context hierarchy
2018-07-16 10:58:38.253 DEBUG 83184 --- [main] s.w.s.m.m.a.RequestMappingHandlerMapping : 1 request handler methods found on class com.jojoldu.aws.awsbeanstalktunning.Application: {public java.lang.String com.jojoldu.aws.awsbeanstalktunning.Application.hello()={[/],methods=[GET]}}
2018-07-16 10:58:38.254  INFO 83184 --- [main] s.w.s.m.m.a.RequestMappingHandlerMapping : Mapped "{[/],methods=[GET]}" onto public java.lang.String com.jojoldu.aws.awsbeanstalktunning.Application.hello()
2018-07-16 10:58:38.259 DEBUG 83184 --- [main] s.w.s.m.m.a.RequestMappingHandlerMapping : 2 request handler methods found on class com.jojoldu.aws.awsbeanstalktunning.point.PointController: {public java.lang.Long com.jojoldu.aws.awsbeanstalktunning.point.PointController.getAvailablePoint(java.lang.Long)={[/availablePoint/{userId}],methods=[GET]}, public boolean com.jojoldu.aws.awsbeanstalktunning.point.PointController.savePoint(com.jojoldu.aws.awsbeanstalktunning.point.PointDto)={[/point],methods=[POST]}}
2018-07-16 10:58:38.260  INFO 83184 --- [main] s.w.s.m.m.a.RequestMappingHandlerMapping : Mapped "{[/availablePoint/{userId}],methods=[GET]}" onto public java.lang.Long com.jojoldu.aws.awsbeanstalktunning.point.PointController.getAvailablePoint(java.lang.Long)
2018-07-16 10:58:38.261  INFO 83184 --- [main] s.w.s.m.m.a.RequestMappingHandlerMapping : Mapped "{[/point],methods=[POST]}" onto public boolean com.jojoldu.aws.awsbeanstalktunning.point.PointController.savePoint(com.jojoldu.aws.awsbeanstalktunning.point.PointDto)
2018-07-16 10:58:38.265 DEBUG 83184 --- [main] s.w.s.m.m.a.RequestMappingHandlerMapping : 2 request handler methods found on class org.springframework.boot.autoconfigure.web.servlet.error.BasicErrorController: {public org.springframework.http.ResponseEntity org.springframework.boot.autoconfigure.web.servlet.error.BasicErrorController.error(javax.servlet.http.HttpServletRequest)={[/error]}, public org.springframework.web.servlet.ModelAndView org.springframework.boot.autoconfigure.web.servlet.error.BasicErrorController.errorHtml(javax.servlet.http.HttpServletRequest,javax.servlet.http.HttpServletResponse)={[/error],produces=[text/html]}}
2018-07-16 10:58:38.266  INFO 83184 --- [main] s.w.s.m.m.a.RequestMappingHandlerMapping : Mapped "{[/error]}" onto public org.springframework.http.ResponseEntity<java.util.Map<java.lang.String, java.lang.Object>> org.springframework.boot.autoconfigure.web.servlet.error.BasicErrorController.error(javax.servlet.http.HttpServletRequest)
2018-07-16 10:58:38.266  INFO 83184 --- [main] s.w.s.m.m.a.RequestMappingHandlerMapping : Mapped "{[/error],produces=[text/html]}" onto public org.springframework.web.servlet.ModelAndView org.springframework.boot.autoconfigure.web.servlet.error.BasicErrorController.errorHtml(javax.servlet.http.HttpServletRequest,javax.servlet.http.HttpServletResponse)
2018-07-16 10:58:38.308  INFO 83184 --- [main] o.s.w.s.handler.SimpleUrlHandlerMapping  : Mapped URL path [/webjars/**] onto handler of type [class org.springframework.web.servlet.resource.ResourceHttpRequestHandler]
2018-07-16 10:58:38.308  INFO 83184 --- [main] o.s.w.s.handler.SimpleUrlHandlerMapping  : Mapped URL path [/**] onto handler of type [class org.springframework.web.servlet.resource.ResourceHttpRequestHandler]
2018-07-16 10:58:38.325 DEBUG 83184 --- [main] .m.m.a.ExceptionHandlerExceptionResolver : Looking for exception mappings: org.springframework.boot.web.servlet.context.AnnotationConfigServletWebServerApplicationContext@1761de10: startup date [Mon Jul 16 10:58:31 KST 2018]; root of context hierarchy
2018-07-16 10:58:38.803  INFO 83184 --- [main] o.s.b.a.e.web.EndpointLinksResolver      : Exposing 2 endpoint(s) beneath base path '/actuator'
2018-07-16 10:58:38.824  INFO 83184 --- [main] s.b.a.e.w.s.WebMvcEndpointHandlerMapping : Mapped "{[/actuator/health],methods=[GET],produces=[application/vnd.spring-boot.actuator.v2+json || application/json]}" onto public java.lang.Object org.springframework.boot.actuate.endpoint.web.servlet.AbstractWebMvcEndpointHandlerMapping$OperationHandler.handle(javax.servlet.http.HttpServletRequest,java.util.Map<java.lang.String, java.lang.String>)
2018-07-16 10:58:38.826  INFO 83184 --- [main] s.b.a.e.w.s.WebMvcEndpointHandlerMapping : Mapped "{[/actuator/info],methods=[GET],produces=[application/vnd.spring-boot.actuator.v2+json || application/json]}" onto public java.lang.Object org.springframework.boot.actuate.endpoint.web.servlet.AbstractWebMvcEndpointHandlerMapping$OperationHandler.handle(javax.servlet.http.HttpServletRequest,java.util.Map<java.lang.String, java.lang.String>)
2018-07-16 10:58:38.827  INFO 83184 --- [main] s.b.a.e.w.s.WebMvcEndpointHandlerMapping : Mapped "{[/actuator],methods=[GET],produces=[application/vnd.spring-boot.actuator.v2+json || application/json]}" onto protected java.util.Map<java.lang.String, java.util.Map<java.lang.String, org.springframework.boot.actuate.endpoint.web.Link>> org.springframework.boot.actuate.endpoint.web.servlet.WebMvcEndpointHandlerMapping.links(javax.servlet.http.HttpServletRequest,javax.servlet.http.HttpServletResponse)
2018-07-16 10:58:38.937 DEBUG 83184 --- [main] o.s.w.s.resource.ResourceUrlProvider     : Looking for resource handler mappings
2018-07-16 10:58:38.939 DEBUG 83184 --- [main] o.s.w.s.resource.ResourceUrlProvider     : Found resource handler mapping: URL pattern="/**/favicon.ico", locations=[class path resource [META-INF/resources/], class path resource [resources/], class path resource [static/], class path resource [public/], ServletContext resource [/], class path resource []], resolvers=[org.springframework.web.servlet.resource.PathResourceResolver@4f65af91]
2018-07-16 10:58:38.939 DEBUG 83184 --- [main] o.s.w.s.resource.ResourceUrlProvider     : Found resource handler mapping: URL pattern="/webjars/**", locations=[class path resource [META-INF/resources/webjars/]], resolvers=[org.springframework.web.servlet.resource.PathResourceResolver@1b79df53]
2018-07-16 10:58:38.939 DEBUG 83184 --- [main] o.s.w.s.resource.ResourceUrlProvider     : Found resource handler mapping: URL pattern="/**", locations=[class path resource [META-INF/resources/], class path resource [resources/], class path resource [static/], class path resource [public/], ServletContext resource [/]], resolvers=[org.springframework.web.servlet.resource.PathResourceResolver@8ee1404]
2018-07-16 10:58:38.994  INFO 83184 --- [main] o.s.b.w.embedded.tomcat.TomcatWebServer  : Tomcat started on port(s): 59868 (http) with context path ''
2018-07-16 10:58:38.998  INFO 83184 --- [main] c.j.a.a.point.PointControllerTest        : Started PointControllerTest in 8.771 seconds (JVM running for 10.544)
2018-07-16 10:58:39.186 DEBUG 83184 --- [main] o.s.web.client.RestTemplate              : Created GET request for "http://localhost:59868/availablePoint/1"
2018-07-16 10:58:39.190 DEBUG 83184 --- [main] o.s.web.client.RestTemplate              : Setting request Accept header to [text/plain, text/plain, application/json, application/json, application/*+json, application/*+json, */*, */*]
2018-07-16 10:58:39.340 DEBUG 83184 --- [http-nio-auto-1-exec-1] o.s.web.servlet.DispatcherServlet        : Initializing servlet 'dispatcherServlet'
2018-07-16 10:58:39.342  INFO 83184 --- [http-nio-auto-1-exec-1] o.a.c.c.C.[Tomcat].[localhost].[/]       : Initializing Spring FrameworkServlet 'dispatcherServlet'
2018-07-16 10:58:39.342  INFO 83184 --- [http-nio-auto-1-exec-1] o.s.web.servlet.DispatcherServlet        : FrameworkServlet 'dispatcherServlet': initialization started
2018-07-16 10:58:39.343 DEBUG 83184 --- [http-nio-auto-1-exec-1] o.s.web.servlet.DispatcherServlet        : Using MultipartResolver [org.springframework.web.multipart.support.StandardServletMultipartResolver@61d150af]
2018-07-16 10:58:39.350 DEBUG 83184 --- [http-nio-auto-1-exec-1] o.s.web.servlet.DispatcherServlet        : Unable to locate LocaleResolver with name 'localeResolver': using default [org.springframework.web.servlet.i18n.AcceptHeaderLocaleResolver@2cc560d5]
2018-07-16 10:58:39.355 DEBUG 83184 --- [http-nio-auto-1-exec-1] o.s.web.servlet.DispatcherServlet        : Unable to locate ThemeResolver with name 'themeResolver': using default [org.springframework.web.servlet.theme.FixedThemeResolver@5cdee45d]
2018-07-16 10:58:39.363 DEBUG 83184 --- [http-nio-auto-1-exec-1] o.s.web.servlet.DispatcherServlet        : Unable to locate RequestToViewNameTranslator with name 'viewNameTranslator': using default [org.springframework.web.servlet.view.DefaultRequestToViewNameTranslator@7f8d8461]
2018-07-16 10:58:39.372 DEBUG 83184 --- [http-nio-auto-1-exec-1] o.s.web.servlet.DispatcherServlet        : Unable to locate FlashMapManager with name 'flashMapManager': using default [org.springframework.web.servlet.support.SessionFlashMapManager@65280419]
2018-07-16 10:58:39.372 DEBUG 83184 --- [http-nio-auto-1-exec-1] o.s.web.servlet.DispatcherServlet        : Published WebApplicationContext of servlet 'dispatcherServlet' as ServletContext attribute with name [org.springframework.web.servlet.FrameworkServlet.CONTEXT.dispatcherServlet]
2018-07-16 10:58:39.372  INFO 83184 --- [http-nio-auto-1-exec-1] o.s.web.servlet.DispatcherServlet        : FrameworkServlet 'dispatcherServlet': initialization completed in 30 ms
2018-07-16 10:58:39.372 DEBUG 83184 --- [http-nio-auto-1-exec-1] o.s.web.servlet.DispatcherServlet        : Servlet 'dispatcherServlet' configured successfully
2018-07-16 10:58:39.413 DEBUG 83184 --- [http-nio-auto-1-exec-1] s.w.s.m.m.a.RequestMappingHandlerMapping : Looking up handler method for path /availablePoint/1
2018-07-16 10:58:39.416 DEBUG 83184 --- [http-nio-auto-1-exec-1] s.w.s.m.m.a.RequestMappingHandlerMapping : Returning handler method [public java.lang.Long com.jojoldu.aws.awsbeanstalktunning.point.PointController.getAvailablePoint(java.lang.Long)]
2018-07-16 10:58:39.421 DEBUG 83184 --- [http-nio-auto-1-exec-1] o.s.web.servlet.DispatcherServlet        : DispatcherServlet with name 'dispatcherServlet' processing GET request for [/availablePoint/1]
2018-07-16 10:58:39.425 DEBUG 83184 --- [http-nio-auto-1-exec-1] s.w.s.m.m.a.RequestMappingHandlerMapping : Looking up handler method for path /availablePoint/1
2018-07-16 10:58:39.425 DEBUG 83184 --- [http-nio-auto-1-exec-1] s.w.s.m.m.a.RequestMappingHandlerMapping : Returning handler method [public java.lang.Long com.jojoldu.aws.awsbeanstalktunning.point.PointController.getAvailablePoint(java.lang.Long)]
2018-07-16 10:58:39.426 DEBUG 83184 --- [http-nio-auto-1-exec-1] o.s.web.servlet.DispatcherServlet        : Last-Modified value for [/availablePoint/1] is: -1
2018-07-16 10:58:39.504 DEBUG 83184 --- [http-nio-auto-1-exec-1] org.hibernate.SQL                        : select sum(point0_.amount) as col_0_0_ from point point0_ where point0_.user_id=?
2018-07-16 10:58:39.592 DEBUG 83184 --- [http-nio-auto-1-exec-1] o.s.web.servlet.DispatcherServlet        : Null ModelAndView returned to DispatcherServlet with name 'dispatcherServlet': assuming HandlerAdapter completed request handling
2018-07-16 10:58:39.593 DEBUG 83184 --- [http-nio-auto-1-exec-1] o.s.web.servlet.DispatcherServlet        : Successfully completed request
2018-07-16 10:58:39.615 DEBUG 83184 --- [main] o.s.web.client.RestTemplate              : GET request for "http://localhost:59868/availablePoint/1" resulted in 200 (null)
2018-07-16 10:58:39.626  INFO 83184 --- [Thread-6] ConfigServletWebServerApplicationContext : Closing org.springframework.boot.web.servlet.context.AnnotationConfigServletWebServerApplicationContext@1761de10: startup date [Mon Jul 16 10:58:31 KST 2018]; root of context hierarchy
2018-07-16 10:58:39.631  INFO 83184 --- [Thread-6] j.LocalContainerEntityManagerFactoryBean : Closing JPA EntityManagerFactory for persistence unit 'default'
2018-07-16 10:58:39.632  INFO 83184 --- [Thread-6] com.zaxxer.hikari.HikariDataSource       : HikariPool-1 - Shutdown initiated...
2018-07-16 10:58:39.638  INFO 83184 --- [Thread-6] com.zaxxer.hikari.HikariDataSource       : HikariPool-1 - Shutdown completed.
2018-07-16 11:00:01.151 DEBUG 83226 --- [main] o.s.w.c.s.StandardServletEnvironment     : Adding PropertySource 'servletConfigInitParams' with lowest search precedence
2018-07-16 11:00:01.153 DEBUG 83226 --- [main] o.s.w.c.s.StandardServletEnvironment     : Adding PropertySource 'servletContextInitParams' with lowest search precedence
2018-07-16 11:00:01.159 DEBUG 83226 --- [main] o.s.w.c.s.StandardServletEnvironment     : Adding PropertySource 'systemProperties' with lowest search precedence
2018-07-16 11:00:01.159 DEBUG 83226 --- [main] o.s.w.c.s.StandardServletEnvironment     : Adding PropertySource 'systemEnvironment' with lowest search precedence
2018-07-16 11:00:01.160 DEBUG 83226 --- [main] o.s.w.c.s.StandardServletEnvironment     : Initialized StandardServletEnvironment with PropertySources [StubPropertySource {name='servletConfigInitParams'}, StubPropertySource {name='servletContextInitParams'}, MapPropertySource {name='systemProperties'}, SystemEnvironmentPropertySource {name='systemEnvironment'}]
2018-07-16 11:00:01.231  INFO 83226 --- [main] c.j.a.a.point.PointControllerTest        : Starting PointControllerTest on jojolduui-MacBook-Pro.local with PID 83226 (started by jojoldu in /Users/jojoldu/Documents/git/aws-beanstalk-tunning)
2018-07-16 11:00:01.231  INFO 83226 --- [main] c.j.a.a.point.PointControllerTest        : The following profiles are active: local
2018-07-16 11:00:01.266  INFO 83226 --- [main] ConfigServletWebServerApplicationContext : Refreshing org.springframework.boot.web.servlet.context.AnnotationConfigServletWebServerApplicationContext@5bdaf2ce: startup date [Mon Jul 16 11:00:01 KST 2018]; root of context hierarchy
2018-07-16 11:00:03.165  INFO 83226 --- [main] trationDelegate$BeanPostProcessorChecker : Bean 'org.springframework.transaction.annotation.ProxyTransactionManagementConfiguration' of type [org.springframework.transaction.annotation.ProxyTransactionManagementConfiguration$$EnhancerBySpringCGLIB$$beef2e13] is not eligible for getting processed by all BeanPostProcessors (for example: not eligible for auto-proxying)
2018-07-16 11:00:03.707  INFO 83226 --- [main] o.s.b.w.embedded.tomcat.TomcatWebServer  : Tomcat initialized with port(s): 0 (http)
2018-07-16 11:00:03.747  INFO 83226 --- [main] o.apache.catalina.core.StandardService   : Starting service [Tomcat]
2018-07-16 11:00:03.747  INFO 83226 --- [main] org.apache.catalina.core.StandardEngine  : Starting Servlet Engine: Apache Tomcat/8.5.31
2018-07-16 11:00:03.765  INFO 83226 --- [localhost-startStop-1] o.a.catalina.core.AprLifecycleListener   : The APR based Apache Tomcat Native library which allows optimal performance in production environments was not found on the java.library.path: [/Users/jojoldu/Library/Java/Extensions:/Library/Java/Extensions:/Network/Library/Java/Extensions:/System/Library/Java/Extensions:/usr/lib/java:.]
2018-07-16 11:00:03.899  INFO 83226 --- [localhost-startStop-1] o.a.c.c.C.[Tomcat].[localhost].[/]       : Initializing Spring embedded WebApplicationContext
2018-07-16 11:00:03.899 DEBUG 83226 --- [localhost-startStop-1] o.s.web.context.ContextLoader            : Published root WebApplicationContext as ServletContext attribute with name [org.springframework.web.context.WebApplicationContext.ROOT]
2018-07-16 11:00:03.899  INFO 83226 --- [localhost-startStop-1] o.s.web.context.ContextLoader            : Root WebApplicationContext: initialization completed in 2633 ms
2018-07-16 11:00:05.055  INFO 83226 --- [localhost-startStop-1] o.s.b.w.servlet.ServletRegistrationBean  : Servlet dispatcherServlet mapped to [/]
2018-07-16 11:00:05.058  INFO 83226 --- [localhost-startStop-1] o.s.b.w.servlet.ServletRegistrationBean  : Servlet webServlet mapped to [/h2-console/*]
2018-07-16 11:00:05.063  INFO 83226 --- [localhost-startStop-1] o.s.b.w.servlet.FilterRegistrationBean   : Mapping filter: 'characterEncodingFilter' to: [/*]
2018-07-16 11:00:05.063  INFO 83226 --- [localhost-startStop-1] o.s.b.w.servlet.FilterRegistrationBean   : Mapping filter: 'hiddenHttpMethodFilter' to: [/*]
2018-07-16 11:00:05.064  INFO 83226 --- [localhost-startStop-1] o.s.b.w.servlet.FilterRegistrationBean   : Mapping filter: 'httpPutFormContentFilter' to: [/*]
2018-07-16 11:00:05.064  INFO 83226 --- [localhost-startStop-1] o.s.b.w.servlet.FilterRegistrationBean   : Mapping filter: 'requestContextFilter' to: [/*]
2018-07-16 11:00:05.064  INFO 83226 --- [localhost-startStop-1] o.s.b.w.servlet.FilterRegistrationBean   : Mapping filter: 'httpTraceFilter' to: [/*]
2018-07-16 11:00:05.064  INFO 83226 --- [localhost-startStop-1] o.s.b.w.servlet.FilterRegistrationBean   : Mapping filter: 'webMvcMetricsFilter' to: [/*]
2018-07-16 11:00:05.225  INFO 83226 --- [main] com.zaxxer.hikari.HikariDataSource       : HikariPool-1 - Starting...
2018-07-16 11:00:05.520  INFO 83226 --- [main] com.zaxxer.hikari.HikariDataSource       : HikariPool-1 - Start completed.
2018-07-16 11:00:05.598  INFO 83226 --- [main] j.LocalContainerEntityManagerFactoryBean : Building JPA container EntityManagerFactory for persistence unit 'default'
2018-07-16 11:00:05.666  INFO 83226 --- [main] o.hibernate.jpa.internal.util.LogHelper  : HHH000204: Processing PersistenceUnitInfo [
	name: default
	...]
2018-07-16 11:00:05.785  INFO 83226 --- [main] org.hibernate.Version                    : HHH000412: Hibernate Core {5.2.17.Final}
2018-07-16 11:00:05.787  INFO 83226 --- [main] org.hibernate.cfg.Environment            : HHH000206: hibernate.properties not found
2018-07-16 11:00:05.853  INFO 83226 --- [main] o.hibernate.annotations.common.Version   : HCANN000001: Hibernate Commons Annotations {5.0.1.Final}
2018-07-16 11:00:06.053  INFO 83226 --- [main] org.hibernate.dialect.Dialect            : HHH000400: Using dialect: org.hibernate.dialect.MySQL5InnoDBDialect
2018-07-16 11:00:06.875 DEBUG 83226 --- [main] org.hibernate.SQL                        : create table point (id bigint not null auto_increment, amount bigint, user_id bigint, primary key (id)) engine=InnoDB
2018-07-16 11:00:06.888 DEBUG 83226 --- [main] org.hibernate.SQL                        : create index IDX_POINT_USER_ID on point (user_id)
2018-07-16 11:00:06.894  INFO 83226 --- [main] j.LocalContainerEntityManagerFactoryBean : Initialized JPA EntityManagerFactory for persistence unit 'default'
2018-07-16 11:00:07.312  INFO 83226 --- [main] o.h.h.i.QueryTranslatorFactoryInitiator  : HHH000397: Using ASTQueryTranslatorFactory
2018-07-16 11:00:07.874  INFO 83226 --- [main] o.s.w.s.handler.SimpleUrlHandlerMapping  : Mapped URL path [/**/favicon.ico] onto handler of type [class org.springframework.web.servlet.resource.ResourceHttpRequestHandler]
2018-07-16 11:00:08.280  INFO 83226 --- [main] s.w.s.m.m.a.RequestMappingHandlerAdapter : Looking for @ControllerAdvice: org.springframework.boot.web.servlet.context.AnnotationConfigServletWebServerApplicationContext@5bdaf2ce: startup date [Mon Jul 16 11:00:01 KST 2018]; root of context hierarchy
2018-07-16 11:00:08.370 DEBUG 83226 --- [main] s.w.s.m.m.a.RequestMappingHandlerMapping : Looking for request mappings in application context: org.springframework.boot.web.servlet.context.AnnotationConfigServletWebServerApplicationContext@5bdaf2ce: startup date [Mon Jul 16 11:00:01 KST 2018]; root of context hierarchy
2018-07-16 11:00:08.388 DEBUG 83226 --- [main] s.w.s.m.m.a.RequestMappingHandlerMapping : 1 request handler methods found on class com.jojoldu.aws.awsbeanstalktunning.Application: {public java.lang.String com.jojoldu.aws.awsbeanstalktunning.Application.hello()={[/],methods=[GET]}}
2018-07-16 11:00:08.389  INFO 83226 --- [main] s.w.s.m.m.a.RequestMappingHandlerMapping : Mapped "{[/],methods=[GET]}" onto public java.lang.String com.jojoldu.aws.awsbeanstalktunning.Application.hello()
2018-07-16 11:00:08.394 DEBUG 83226 --- [main] s.w.s.m.m.a.RequestMappingHandlerMapping : 2 request handler methods found on class com.jojoldu.aws.awsbeanstalktunning.point.PointController: {public java.lang.Long com.jojoldu.aws.awsbeanstalktunning.point.PointController.getAvailablePoint(java.lang.Long)={[/availablePoint/{userId}],methods=[GET]}, public boolean com.jojoldu.aws.awsbeanstalktunning.point.PointController.savePoint(com.jojoldu.aws.awsbeanstalktunning.point.PointDto)={[/point],methods=[POST]}}
2018-07-16 11:00:08.395  INFO 83226 --- [main] s.w.s.m.m.a.RequestMappingHandlerMapping : Mapped "{[/availablePoint/{userId}],methods=[GET]}" onto public java.lang.Long com.jojoldu.aws.awsbeanstalktunning.point.PointController.getAvailablePoint(java.lang.Long)
2018-07-16 11:00:08.395  INFO 83226 --- [main] s.w.s.m.m.a.RequestMappingHandlerMapping : Mapped "{[/point],methods=[POST]}" onto public boolean com.jojoldu.aws.awsbeanstalktunning.point.PointController.savePoint(com.jojoldu.aws.awsbeanstalktunning.point.PointDto)
2018-07-16 11:00:08.399 DEBUG 83226 --- [main] s.w.s.m.m.a.RequestMappingHandlerMapping : 2 request handler methods found on class org.springframework.boot.autoconfigure.web.servlet.error.BasicErrorController: {public org.springframework.http.ResponseEntity org.springframework.boot.autoconfigure.web.servlet.error.BasicErrorController.error(javax.servlet.http.HttpServletRequest)={[/error]}, public org.springframework.web.servlet.ModelAndView org.springframework.boot.autoconfigure.web.servlet.error.BasicErrorController.errorHtml(javax.servlet.http.HttpServletRequest,javax.servlet.http.HttpServletResponse)={[/error],produces=[text/html]}}
2018-07-16 11:00:08.400  INFO 83226 --- [main] s.w.s.m.m.a.RequestMappingHandlerMapping : Mapped "{[/error]}" onto public org.springframework.http.ResponseEntity<java.util.Map<java.lang.String, java.lang.Object>> org.springframework.boot.autoconfigure.web.servlet.error.BasicErrorController.error(javax.servlet.http.HttpServletRequest)
2018-07-16 11:00:08.400  INFO 83226 --- [main] s.w.s.m.m.a.RequestMappingHandlerMapping : Mapped "{[/error],produces=[text/html]}" onto public org.springframework.web.servlet.ModelAndView org.springframework.boot.autoconfigure.web.servlet.error.BasicErrorController.errorHtml(javax.servlet.http.HttpServletRequest,javax.servlet.http.HttpServletResponse)
2018-07-16 11:00:08.445  INFO 83226 --- [main] o.s.w.s.handler.SimpleUrlHandlerMapping  : Mapped URL path [/webjars/**] onto handler of type [class org.springframework.web.servlet.resource.ResourceHttpRequestHandler]
2018-07-16 11:00:08.445  INFO 83226 --- [main] o.s.w.s.handler.SimpleUrlHandlerMapping  : Mapped URL path [/**] onto handler of type [class org.springframework.web.servlet.resource.ResourceHttpRequestHandler]
2018-07-16 11:00:08.466 DEBUG 83226 --- [main] .m.m.a.ExceptionHandlerExceptionResolver : Looking for exception mappings: org.springframework.boot.web.servlet.context.AnnotationConfigServletWebServerApplicationContext@5bdaf2ce: startup date [Mon Jul 16 11:00:01 KST 2018]; root of context hierarchy
2018-07-16 11:00:08.950  INFO 83226 --- [main] o.s.b.a.e.web.EndpointLinksResolver      : Exposing 2 endpoint(s) beneath base path '/actuator'
2018-07-16 11:00:08.967  INFO 83226 --- [main] s.b.a.e.w.s.WebMvcEndpointHandlerMapping : Mapped "{[/actuator/health],methods=[GET],produces=[application/vnd.spring-boot.actuator.v2+json || application/json]}" onto public java.lang.Object org.springframework.boot.actuate.endpoint.web.servlet.AbstractWebMvcEndpointHandlerMapping$OperationHandler.handle(javax.servlet.http.HttpServletRequest,java.util.Map<java.lang.String, java.lang.String>)
2018-07-16 11:00:08.968  INFO 83226 --- [main] s.b.a.e.w.s.WebMvcEndpointHandlerMapping : Mapped "{[/actuator/info],methods=[GET],produces=[application/vnd.spring-boot.actuator.v2+json || application/json]}" onto public java.lang.Object org.springframework.boot.actuate.endpoint.web.servlet.AbstractWebMvcEndpointHandlerMapping$OperationHandler.handle(javax.servlet.http.HttpServletRequest,java.util.Map<java.lang.String, java.lang.String>)
2018-07-16 11:00:08.969  INFO 83226 --- [main] s.b.a.e.w.s.WebMvcEndpointHandlerMapping : Mapped "{[/actuator],methods=[GET],produces=[application/vnd.spring-boot.actuator.v2+json || application/json]}" onto protected java.util.Map<java.lang.String, java.util.Map<java.lang.String, org.springframework.boot.actuate.endpoint.web.Link>> org.springframework.boot.actuate.endpoint.web.servlet.WebMvcEndpointHandlerMapping.links(javax.servlet.http.HttpServletRequest,javax.servlet.http.HttpServletResponse)
2018-07-16 11:00:09.076 DEBUG 83226 --- [main] o.s.w.s.resource.ResourceUrlProvider     : Looking for resource handler mappings
2018-07-16 11:00:09.077 DEBUG 83226 --- [main] o.s.w.s.resource.ResourceUrlProvider     : Found resource handler mapping: URL pattern="/**/favicon.ico", locations=[class path resource [META-INF/resources/], class path resource [resources/], class path resource [static/], class path resource [public/], ServletContext resource [/], class path resource []], resolvers=[org.springframework.web.servlet.resource.PathResourceResolver@49c4118b]
2018-07-16 11:00:09.077 DEBUG 83226 --- [main] o.s.w.s.resource.ResourceUrlProvider     : Found resource handler mapping: URL pattern="/webjars/**", locations=[class path resource [META-INF/resources/webjars/]], resolvers=[org.springframework.web.servlet.resource.PathResourceResolver@7ef7f414]
2018-07-16 11:00:09.077 DEBUG 83226 --- [main] o.s.w.s.resource.ResourceUrlProvider     : Found resource handler mapping: URL pattern="/**", locations=[class path resource [META-INF/resources/], class path resource [resources/], class path resource [static/], class path resource [public/], ServletContext resource [/]], resolvers=[org.springframework.web.servlet.resource.PathResourceResolver@182dcd2b]
2018-07-16 11:00:09.127  INFO 83226 --- [main] o.s.b.w.embedded.tomcat.TomcatWebServer  : Tomcat started on port(s): 59917 (http) with context path ''
2018-07-16 11:00:09.133  INFO 83226 --- [main] c.j.a.a.point.PointControllerTest        : Started PointControllerTest in 8.625 seconds (JVM running for 61.625)
2018-07-16 11:03:04.087  WARN 83226 --- [HikariPool-1 housekeeper] com.zaxxer.hikari.pool.HikariPool        : HikariPool-1 - Thread starvation or clock leap detected (housekeeper delta=1m41s180ms).
2018-07-16 11:03:51.597  WARN 83226 --- [HikariPool-1 housekeeper] com.zaxxer.hikari.pool.HikariPool        : HikariPool-1 - Thread starvation or clock leap detected (housekeeper delta=47s518ms).
2018-07-16 11:09:19.558  WARN 83226 --- [HikariPool-1 housekeeper] com.zaxxer.hikari.pool.HikariPool        : HikariPool-1 - Thread starvation or clock leap detected (housekeeper delta=5m27s961ms).
2018-07-16 11:09:46.000 DEBUG 83226 --- [main] o.s.web.client.RestTemplate              : Created GET request for "http://localhost:59917/availablePoint/1"
2018-07-16 11:09:49.397 DEBUG 83226 --- [main] o.s.web.client.RestTemplate              : Setting request Accept header to [text/plain, text/plain, application/json, application/json, application/*+json, application/*+json, */*, */*]
2018-07-16 11:11:09.037 DEBUG 83226 --- [http-nio-auto-1-exec-1] o.s.web.servlet.DispatcherServlet        : Initializing servlet 'dispatcherServlet'
2018-07-16 11:11:09.038  INFO 83226 --- [http-nio-auto-1-exec-1] o.a.c.c.C.[Tomcat].[localhost].[/]       : Initializing Spring FrameworkServlet 'dispatcherServlet'
2018-07-16 11:11:09.038  INFO 83226 --- [http-nio-auto-1-exec-1] o.s.web.servlet.DispatcherServlet        : FrameworkServlet 'dispatcherServlet': initialization started
2018-07-16 11:11:09.039 DEBUG 83226 --- [http-nio-auto-1-exec-1] o.s.web.servlet.DispatcherServlet        : Using MultipartResolver [org.springframework.web.multipart.support.StandardServletMultipartResolver@6167c42f]
2018-07-16 11:11:09.045 DEBUG 83226 --- [http-nio-auto-1-exec-1] o.s.web.servlet.DispatcherServlet        : Unable to locate LocaleResolver with name 'localeResolver': using default [org.springframework.web.servlet.i18n.AcceptHeaderLocaleResolver@2b5c3716]
2018-07-16 11:11:09.051 DEBUG 83226 --- [http-nio-auto-1-exec-1] o.s.web.servlet.DispatcherServlet        : Unable to locate ThemeResolver with name 'themeResolver': using default [org.springframework.web.servlet.theme.FixedThemeResolver@7a98d0f]
2018-07-16 11:11:09.059 DEBUG 83226 --- [http-nio-auto-1-exec-1] o.s.web.servlet.DispatcherServlet        : Unable to locate RequestToViewNameTranslator with name 'viewNameTranslator': using default [org.springframework.web.servlet.view.DefaultRequestToViewNameTranslator@206234fc]
2018-07-16 11:11:09.069 DEBUG 83226 --- [http-nio-auto-1-exec-1] o.s.web.servlet.DispatcherServlet        : Unable to locate FlashMapManager with name 'flashMapManager': using default [org.springframework.web.servlet.support.SessionFlashMapManager@6e0f8d57]
2018-07-16 11:11:09.069 DEBUG 83226 --- [http-nio-auto-1-exec-1] o.s.web.servlet.DispatcherServlet        : Published WebApplicationContext of servlet 'dispatcherServlet' as ServletContext attribute with name [org.springframework.web.servlet.FrameworkServlet.CONTEXT.dispatcherServlet]
2018-07-16 11:11:09.069  INFO 83226 --- [http-nio-auto-1-exec-1] o.s.web.servlet.DispatcherServlet        : FrameworkServlet 'dispatcherServlet': initialization completed in 30 ms
2018-07-16 11:11:09.069 DEBUG 83226 --- [http-nio-auto-1-exec-1] o.s.web.servlet.DispatcherServlet        : Servlet 'dispatcherServlet' configured successfully
2018-07-16 11:11:09.111 DEBUG 83226 --- [http-nio-auto-1-exec-1] s.w.s.m.m.a.RequestMappingHandlerMapping : Looking up handler method for path /availablePoint/1
2018-07-16 11:11:09.114 DEBUG 83226 --- [http-nio-auto-1-exec-1] s.w.s.m.m.a.RequestMappingHandlerMapping : Returning handler method [public java.lang.Long com.jojoldu.aws.awsbeanstalktunning.point.PointController.getAvailablePoint(java.lang.Long)]
2018-07-16 11:11:09.119 DEBUG 83226 --- [http-nio-auto-1-exec-1] o.s.web.servlet.DispatcherServlet        : DispatcherServlet with name 'dispatcherServlet' processing GET request for [/availablePoint/1]
2018-07-16 11:11:09.123 DEBUG 83226 --- [http-nio-auto-1-exec-1] s.w.s.m.m.a.RequestMappingHandlerMapping : Looking up handler method for path /availablePoint/1
2018-07-16 11:11:09.124 DEBUG 83226 --- [http-nio-auto-1-exec-1] s.w.s.m.m.a.RequestMappingHandlerMapping : Returning handler method [public java.lang.Long com.jojoldu.aws.awsbeanstalktunning.point.PointController.getAvailablePoint(java.lang.Long)]
2018-07-16 11:11:09.124 DEBUG 83226 --- [http-nio-auto-1-exec-1] o.s.web.servlet.DispatcherServlet        : Last-Modified value for [/availablePoint/1] is: -1
2018-07-16 11:11:09.236 DEBUG 83226 --- [http-nio-auto-1-exec-1] org.hibernate.SQL                        : select sum(point0_.amount) as col_0_0_ from point point0_ where point0_.user_id=?
2018-07-16 11:11:09.319 DEBUG 83226 --- [http-nio-auto-1-exec-1] o.s.web.servlet.DispatcherServlet        : Null ModelAndView returned to DispatcherServlet with name 'dispatcherServlet': assuming HandlerAdapter completed request handling
2018-07-16 11:11:09.320 DEBUG 83226 --- [http-nio-auto-1-exec-1] o.s.web.servlet.DispatcherServlet        : Successfully completed request
2018-07-16 11:11:09.339 DEBUG 83226 --- [main] o.s.web.client.RestTemplate              : GET request for "http://localhost:59917/availablePoint/1" resulted in 200 (null)
2018-07-16 11:11:09.351  INFO 83226 --- [Thread-6] ConfigServletWebServerApplicationContext : Closing org.springframework.boot.web.servlet.context.AnnotationConfigServletWebServerApplicationContext@5bdaf2ce: startup date [Mon Jul 16 11:00:01 KST 2018]; root of context hierarchy
2018-07-16 11:11:09.355  INFO 83226 --- [Thread-6] j.LocalContainerEntityManagerFactoryBean : Closing JPA EntityManagerFactory for persistence unit 'default'
2018-07-16 11:11:09.356  INFO 83226 --- [Thread-6] com.zaxxer.hikari.HikariDataSource       : HikariPool-1 - Shutdown initiated...
2018-07-16 11:11:09.362  INFO 83226 --- [Thread-6] com.zaxxer.hikari.HikariDataSource       : HikariPool-1 - Shutdown completed.
